[debug] [2023-06-14T05:32:07.215Z] ----------------------------------------------------------------------
[debug] [2023-06-14T05:32:07.217Z] Command:       /usr/local/bin/node /Users/sherlockav/.npm-global/bin/firebase init
[debug] [2023-06-14T05:32:07.217Z] CLI Version:   12.3.1
[debug] [2023-06-14T05:32:07.217Z] Platform:      darwin
[debug] [2023-06-14T05:32:07.217Z] Node Version:  v18.16.0
[debug] [2023-06-14T05:32:07.218Z] Time:          Wed Jun 14 2023 11:02:07 GMT+0530 (India Standard Time)
[debug] [2023-06-14T05:32:07.218Z] ----------------------------------------------------------------------
[debug] 
[debug] [2023-06-14T05:32:07.222Z] > command requires scopes: ["email","openid","https://www.googleapis.com/auth/cloudplatformprojects.readonly","https://www.googleapis.com/auth/firebase","https://www.googleapis.com/auth/cloud-platform"]
[debug] [2023-06-14T05:32:07.222Z] > authorizing via signed-in user (bobbygupta134@gmail.com)
[info] 
     ######## #### ########  ######## ########     ###     ######  ########
     ##        ##  ##     ## ##       ##     ##  ##   ##  ##       ##
     ######    ##  ########  ######   ########  #########  ######  ######
     ##        ##  ##    ##  ##       ##     ## ##     ##       ## ##
     ##       #### ##     ## ######## ########  ##     ##  ######  ########

You're about to initialize a Firebase project in this directory:

  /Users/sherlockav/Desktop/my-app

[info] 
=== Project Setup
[info] 
[info] First, let's associate this project directory with a Firebase project.
[info] You can create multiple project aliases by running firebase use --add, 
[info] but for now we'll just set up a default project.
[info] 
[debug] [2023-06-14T05:32:13.122Z] >>> [apiv2][query] GET https://firebase.googleapis.com/v1beta1/projects pageSize=100
[debug] [2023-06-14T05:32:14.146Z] <<< [apiv2][status] GET https://firebase.googleapis.com/v1beta1/projects 200
[debug] [2023-06-14T05:32:14.146Z] <<< [apiv2][body] GET https://firebase.googleapis.com/v1beta1/projects [omitted]
[info] i  Using project friendly-chat-c54d0 (Friendly Chat) 
[info] 
=== Hosting Setup
[info] 
[info] Your public directory is the folder (relative to your project directory) that
[info] will contain Hosting assets to be uploaded with firebase deploy. If you
[info] have a build process for your assets, use your build's output directory.
[info] 
[info] i  Skipping write of build/404.html 
[debug] [2023-06-14T05:32:26.626Z] >>> [apiv2][query] GET https://www.gstatic.com/firebasejs/releases.json [none]
[debug] [2023-06-14T05:32:26.798Z] <<< [apiv2][status] GET https://www.gstatic.com/firebasejs/releases.json 200
[debug] [2023-06-14T05:32:26.798Z] <<< [apiv2][body] GET https://www.gstatic.com/firebasejs/releases.json {"current":{"version":"9.22.2","browserURL":"https://www.gstatic.com/firebasejs/9.22.2/firebase.js","packageURL":"https://www.gstatic.com/firebasejs/9.22.2/firebase.tgz"},"live":{"version":"9.22","browserURL":"https://www.gstatic.com/firebasejs/live/9.22/firebase.js","packageURL":"https://www.gstatic.com/firebasejs/live/9.22/firebase.tgz"},"components":{"analytics":"https://www.gstatic.com/firebasejs/9.22.2/firebase-analytics.js","app":"https://www.gstatic.com/firebasejs/9.22.2/firebase-app.js","app-check":"https://www.gstatic.com/firebasejs/9.22.2/firebase-app-check.js","auth":"https://www.gstatic.com/firebasejs/9.22.2/firebase-auth.js","auth/cordova":"https://www.gstatic.com/firebasejs/9.22.2/firebase-auth/cordova.js","auth/react-native":"https://www.gstatic.com/firebasejs/9.22.2/firebase-auth/react-native.js","functions":"https://www.gstatic.com/firebasejs/9.22.2/firebase-functions.js","firestore":"https://www.gstatic.com/firebasejs/9.22.2/firebase-firestore.js","firestore/lite":"https://www.gstatic.com/firebasejs/9.22.2/firebase-firestore/lite.js","installations":"https://www.gstatic.com/firebasejs/9.22.2/firebase-installations.js","storage":"https://www.gstatic.com/firebasejs/9.22.2/firebase-storage.js","performance":"https://www.gstatic.com/firebasejs/9.22.2/firebase-performance.js","remote-config":"https://www.gstatic.com/firebasejs/9.22.2/firebase-remote-config.js","messaging":"https://www.gstatic.com/firebasejs/9.22.2/firebase-messaging.js","messaging/sw":"https://www.gstatic.com/firebasejs/9.22.2/firebase-messaging/sw.js","database":"https://www.gstatic.com/firebasejs/9.22.2/firebase-database.js","firestore.memory":"https://www.gstatic.com/firebasejs/9.22.2/firebase-firestore.memory.js"}}
[info] i  Skipping write of build/index.html 
[info] 
[info] i  Detected a .git folder at /Users/sherlockav/Desktop/my-app 
[info] i  Authorizing with GitHub to upload your service account to a GitHub repository's secrets store. 
[info] 
[info] Visit this URL on this device to log in:
[info] https://github.com/login/oauth/authorize?client_id=89cf50f02ac6aaed3484&state=611408276&redirect_uri=http%3A%2F%2Flocalhost%3A9005&scope=read%3Auser%20repo%20public_repo
[info] 
[info] Waiting for authentication...
[debug] [2023-06-14T05:32:36.454Z] >>> [apiv2][query] POST https://github.com/login/oauth/access_token [none]
[debug] [2023-06-14T05:32:36.454Z] >>> [apiv2][body] POST https://github.com/login/oauth/access_token [stream]
[debug] [2023-06-14T05:32:37.012Z] <<< [apiv2][status] POST https://github.com/login/oauth/access_token 200
[debug] [2023-06-14T05:32:37.013Z] <<< [apiv2][body] POST https://github.com/login/oauth/access_token {"access_token":"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","token_type":"bearer","scope":"read:user,repo"}
[debug] [2023-06-14T05:32:37.021Z] >>> [apiv2][query] GET https://api.github.com/user [none]
[debug] [2023-06-14T05:32:37.535Z] <<< [apiv2][status] GET https://api.github.com/user 200
[debug] [2023-06-14T05:32:37.536Z] <<< [apiv2][body] GET https://api.github.com/user {"login":"sherlockva","id":84650712,"node_id":"MDQ6VXNlcjg0NjUwNzEy","avatar_url":"https://avatars.githubusercontent.com/u/84650712?v=4","gravatar_id":"","url":"https://api.github.com/users/sherlockva","html_url":"https://github.com/sherlockva","followers_url":"https://api.github.com/users/sherlockva/followers","following_url":"https://api.github.com/users/sherlockva/following{/other_user}","gists_url":"https://api.github.com/users/sherlockva/gists{/gist_id}","starred_url":"https://api.github.com/users/sherlockva/starred{/owner}{/repo}","subscriptions_url":"https://api.github.com/users/sherlockva/subscriptions","organizations_url":"https://api.github.com/users/sherlockva/orgs","repos_url":"https://api.github.com/users/sherlockva/repos","events_url":"https://api.github.com/users/sherlockva/events{/privacy}","received_events_url":"https://api.github.com/users/sherlockva/received_events","type":"User","site_admin":false,"name":"Ayush Gupta","company":"IIT Kanpur","blog":"","location":"Lucknow India","email":null,"hireable":null,"bio":null,"twitter_username":null,"public_repos":5,"public_gists":0,"followers":1,"following":3,"created_at":"2021-05-23T02:29:36Z","updated_at":"2023-06-14T05:30:34Z","private_gists":0,"total_private_repos":3,"owned_private_repos":3,"disk_usage":215219,"collaborators":0,"two_factor_authentication":false,"plan":{"name":"free","space":976562499,"collaborators":0,"private_repos":10000}}
[info] 
[info] ✔  Success! Logged into GitHub as sherlockva 
[info] 
